-------------------------------------------------------------------------------
Test set: org.csstudio.xtext.dbtexteditor.ui.tests.DbTextEditorContentAssistTest
-------------------------------------------------------------------------------
Tests run: 3, Failures: 0, Errors: 0, Skipped: 0, Time elapsed: 5.538 sec - in org.csstudio.xtext.dbtexteditor.ui.tests.DbTextEditorContentAssistTest
testFieldNames(org.csstudio.xtext.dbtexteditor.ui.tests.DbTextEditorContentAssistTest)  Time elapsed: 0.547 sec
testEmptyProgram(org.csstudio.xtext.dbtexteditor.ui.tests.DbTextEditorContentAssistTest)  Time elapsed: 0.034 sec
testRecordNames(org.csstudio.xtext.dbtexteditor.ui.tests.DbTextEditorContentAssistTest)  Time elapsed: 0.038 sec
